C:\USERS\LAB422\DESKTOP\ASTARPROJECT\DEBUG\SOURCE.OBJ
C:\USERS\LAB422\DESKTOP\ASTARPROJECT\DEBUG\VC110.PDB
C:\USERS\LAB422\DESKTOP\ASTARPROJECT\DEBUG\ASTARPROJECT.ILK
C:\USERS\LAB422\DESKTOP\ASTARPROJECT\DEBUG\ASTARPROJECT.EXE
C:\USERS\LAB422\DESKTOP\ASTARPROJECT\DEBUG\ASTARPROJECT.PDB
C:\Users\lab422\Desktop\AStarProject\Debug\Source.obj
C:\Users\lab422\Desktop\AStarProject\Debug\AStarProject.ilk
C:\Users\lab422\Desktop\AStarProject\Debug\cl.command.1.tlog
C:\Users\lab422\Desktop\AStarProject\Debug\CL.read.1.tlog
C:\Users\lab422\Desktop\AStarProject\Debug\CL.write.1.tlog
C:\Users\lab422\Desktop\AStarProject\Debug\link-cvtres.read.1.tlog
C:\Users\lab422\Desktop\AStarProject\Debug\link-cvtres.write.1.tlog
C:\Users\lab422\Desktop\AStarProject\Debug\link-rc.read.1.tlog
C:\Users\lab422\Desktop\AStarProject\Debug\link-rc.write.1.tlog
C:\Users\lab422\Desktop\AStarProject\Debug\link.5900-cvtres.read.1.tlog
C:\Users\lab422\Desktop\AStarProject\Debug\link.5900-cvtres.write.1.tlog
C:\Users\lab422\Desktop\AStarProject\Debug\link.5900-rc.read.1.tlog
C:\Users\lab422\Desktop\AStarProject\Debug\link.5900-rc.write.1.tlog
C:\Users\lab422\Desktop\AStarProject\Debug\link.5900.read.1.tlog
C:\Users\lab422\Desktop\AStarProject\Debug\link.5900.write.1.tlog
C:\Users\lab422\Desktop\AStarProject\Debug\link.command.1.tlog
C:\Users\lab422\Desktop\AStarProject\Debug\link.read.1.tlog
C:\Users\lab422\Desktop\AStarProject\Debug\link.write.1.tlog
C:\Users\lab422\Desktop\AStarProject\Debug\vc110.idb
C:\Users\lab422\Desktop\AStarProject\Debug\AStarProject.pdb
C:\Users\lab422\Desktop\AStarProject\Debug\vc110.pdb
C:\Users\lab422\Desktop\AStarProject\Debug\AStarProject.exe
